<?xml version="1.0" encoding="UTF-8"?>
<!-- Generated by org.testng.reporters.JUnitReportReporter -->
<testsuite skipped="0" hostname="DESKTOP-B9T8IP8" name="Selenium.Demo" tests="4" failures="0" timestamp="2021-05-03T21:35:54 ICT" time="101.243" errors="0">
  <testcase name="demo_robot" time="25.812" classname="Selenium.Demo"/>
  <system-out/>
  <testcase name="demo_robot" time="29.300" classname="Selenium.Demo"/>
  <system-out/>
  <testcase name="demo_javascript" time="20.214" classname="Selenium.Demo"/>
  <system-out/>
  <testcase name="demo_javascript" time="25.917" classname="Selenium.Demo"/>
  <system-out/>
</testsuite> <!-- Selenium.Demo -->
