<?xml version="1.0" encoding="UTF-8"?>
<!-- Generated by org.testng.reporters.JUnitReportReporter -->
<testsuite skipped="0" hostname="DESKTOP-B9T8IP8" name="Selenium.Session11_Action" tests="3" failures="0" timestamp="2021-05-09T09:54:32 ICT" time="13.145" errors="0">
  <testcase name="exercise_action_1" time="3.624" classname="Selenium.Session11_Action"/>
  <system-out/>
  <testcase name="demo_action_2" time="3.179" classname="Selenium.Session11_Action"/>
  <system-out/>
  <testcase name="demo_action_1" time="6.342" classname="Selenium.Session11_Action"/>
  <system-out/>
</testsuite> <!-- Selenium.Session11_Action -->
